0 info it worked if it ends with ok
1 verbose cli [ '/usr/bin/node', '/usr/bin/npm', 'run', 'lint' ]
2 info using npm@2.15.8
3 info using node@v4.4.7
4 verbose run-script [ 'prelint', 'lint', 'postlint' ]
5 info prelint yafp@1.2.1
6 info lint yafp@1.2.1
7 verbose unsafe-perm in lifecycle true
8 info yafp@1.2.1 Failed to exec lint script
9 verbose stack Error: yafp@1.2.1 lint: `eslint ./src`
9 verbose stack Exit status 1
9 verbose stack     at EventEmitter.<anonymous> (/usr/lib/node_modules/npm/lib/utils/lifecycle.js:217:16)
9 verbose stack     at emitTwo (events.js:87:13)
9 verbose stack     at EventEmitter.emit (events.js:172:7)
9 verbose stack     at ChildProcess.<anonymous> (/usr/lib/node_modules/npm/lib/utils/spawn.js:24:14)
9 verbose stack     at emitTwo (events.js:87:13)
9 verbose stack     at ChildProcess.emit (events.js:172:7)
9 verbose stack     at maybeClose (internal/child_process.js:827:16)
9 verbose stack     at Process.ChildProcess._handle.onexit (internal/child_process.js:211:5)
10 verbose pkgid yafp@1.2.1
11 verbose cwd /home/user1/repo/Yet-Another-FIX-Parser
12 error Linux 4.5.7-202.fc23.x86_64
13 error argv "/usr/bin/node" "/usr/bin/npm" "run" "lint"
14 error node v4.4.7
15 error npm  v2.15.8
16 error code ELIFECYCLE
17 error yafp@1.2.1 lint: `eslint ./src`
17 error Exit status 1
18 error Failed at the yafp@1.2.1 lint script 'eslint ./src'.
18 error This is most likely a problem with the yafp package,
18 error not with npm itself.
18 error Tell the author that this fails on your system:
18 error     eslint ./src
18 error You can get information on how to open an issue for this project with:
18 error     npm bugs yafp
18 error Or if that isn't available, you can get their info via:
18 error
18 error     npm owner ls yafp
18 error There is likely additional logging output above.
19 verbose exit [ 1, true ]
